0 info it worked if it ends with ok
1 verbose cli [ 'C:\\Program Files\\nodejs\\node.exe',
1 verbose cli   'C:\\Program Files\\nodejs\\node_modules\\npm\\bin\\npm-cli.js',
1 verbose cli   'run',
1 verbose cli   'start' ]
2 info using npm@5.6.0
3 info using node@v8.11.2
4 verbose run-script [ 'prestart', 'start', 'poststart' ]
5 info lifecycle robo-app@0.1.0~prestart: robo-app@0.1.0
6 info lifecycle robo-app@0.1.0~start: robo-app@0.1.0
7 verbose lifecycle robo-app@0.1.0~start: unsafe-perm in lifecycle true
8 verbose lifecycle robo-app@0.1.0~start: PATH: C:\Program Files\nodejs\node_modules\npm\node_modules\npm-lifecycle\node-gyp-bin;C:\Users\kince\Desktop\React-Apps\robo-app\node_modules\.bin;C:\Users\kince\bin;C:\Program Files\Git\mingw64\bin;C:\Program Files\Git\usr\local\bin;C:\Program Files\Git\usr\bin;C:\Program Files\Git\usr\bin;C:\Program Files\Git\mingw64\bin;C:\Program Files\Git\usr\bin;C:\Users\kince\bin;C:\Program Files\Python36\Scripts;C:\Program Files\Python36;C:\ProgramData\Oracle\Java\javapath;C:\Windows\system32;C:\Windows;C:\Windows\System32\Wbem;C:\Windows\System32\WindowsPowerShell\v1.0;C:\Windows\System32\OpenSSH;C:\Program Files (x86)\Enterprise Vault\EVClient;C:\Program Files (x86)\Sennheiser\SoftphoneSDK;C:\Program Files\nodejs;C:\Program Files\Git\cmd;C:\Program Files (x86)\Webex\Webex\Applications;C:\Users\kince\AppData\Local\Microsoft\WindowsApps;C:\Users\kince\AppData\Local\atom\bin;C:\Users\kince\AppData\Local\Programs\Microsoft VS Code\bin;C:\Program Files\Git\usr\bin\vendor_perl;C:\Program Files\Git\usr\bin\core_perl;C:\Users\kince\.npm-global\bin
9 verbose lifecycle robo-app@0.1.0~start: CWD: C:\Users\kince\Desktop\React-Apps\robo-app
10 silly lifecycle robo-app@0.1.0~start: Args: [ '/d /s /c', 'react-scripts start' ]
11 silly lifecycle robo-app@0.1.0~start: Returned: code: 1  signal: null
12 info lifecycle robo-app@0.1.0~start: Failed to exec start script
13 verbose stack Error: robo-app@0.1.0 start: `react-scripts start`
13 verbose stack Exit status 1
13 verbose stack     at EventEmitter.<anonymous> (C:\Program Files\nodejs\node_modules\npm\node_modules\npm-lifecycle\index.js:285:16)
13 verbose stack     at emitTwo (events.js:126:13)
13 verbose stack     at EventEmitter.emit (events.js:214:7)
13 verbose stack     at ChildProcess.<anonymous> (C:\Program Files\nodejs\node_modules\npm\node_modules\npm-lifecycle\lib\spawn.js:55:14)
13 verbose stack     at emitTwo (events.js:126:13)
13 verbose stack     at ChildProcess.emit (events.js:214:7)
13 verbose stack     at maybeClose (internal/child_process.js:925:16)
13 verbose stack     at Process.ChildProcess._handle.onexit (internal/child_process.js:209:5)
14 verbose pkgid robo-app@0.1.0
15 verbose cwd C:\Users\kince\Desktop\React-Apps\robo-app
16 verbose Windows_NT 10.0.17134
17 verbose argv "C:\\Program Files\\nodejs\\node.exe" "C:\\Program Files\\nodejs\\node_modules\\npm\\bin\\npm-cli.js" "run" "start"
18 verbose node v8.11.2
19 verbose npm  v5.6.0
20 error code ELIFECYCLE
21 error errno 1
22 error robo-app@0.1.0 start: `react-scripts start`
22 error Exit status 1
23 error Failed at the robo-app@0.1.0 start script.
23 error This is probably not a problem with npm. There is likely additional logging output above.
24 verbose exit [ 1, true ]
